{"C:\\Users\\Gorka\\Desktop\\ts-avanzado\\src\\tema-10\\funciones.ts": {"path":"C:\\Users\\Gorka\\Desktop\\ts-avanzado\\src\\tema-10\\funciones.ts","statementMap":{"0":{"start":{"line":1,"column":20},"end":{"line":1,"column":59}},"1":{"start":{"line":1,"column":54},"end":{"line":1,"column":59}},"2":{"start":{"line":1,"column":13},"end":{"line":1,"column":20}},"3":{"start":{"line":3,"column":22},"end":{"line":3,"column":56}},"4":{"start":{"line":3,"column":45},"end":{"line":3,"column":56}},"5":{"start":{"line":3,"column":13},"end":{"line":3,"column":22}},"6":{"start":{"line":5,"column":27},"end":{"line":7,"column":1}},"7":{"start":{"line":6,"column":4},"end":{"line":6,"column":null}},"8":{"start":{"line":5,"column":13},"end":{"line":5,"column":27}},"9":{"start":{"line":8,"column":36},"end":{"line":10,"column":1}},"10":{"start":{"line":9,"column":4},"end":{"line":9,"column":null}},"11":{"start":{"line":8,"column":13},"end":{"line":8,"column":36}}},"fnMap":{"0":{"name":"(anonymous_0)","decl":{"start":{"line":1,"column":20},"end":{"line":1,"column":21}},"loc":{"start":{"line":1,"column":54},"end":{"line":1,"column":59}}},"1":{"name":"(anonymous_1)","decl":{"start":{"line":3,"column":22},"end":{"line":3,"column":23}},"loc":{"start":{"line":3,"column":45},"end":{"line":3,"column":56}}},"2":{"name":"(anonymous_2)","decl":{"start":{"line":5,"column":27},"end":{"line":5,"column":30}},"loc":{"start":{"line":5,"column":32},"end":{"line":7,"column":1}}},"3":{"name":"(anonymous_3)","decl":{"start":{"line":8,"column":36},"end":{"line":8,"column":37}},"loc":{"start":{"line":8,"column":52},"end":{"line":10,"column":1}}}},"branchMap":{},"s":{"0":1,"1":2,"2":1,"3":1,"4":3,"5":1,"6":1,"7":0,"8":1,"9":1,"10":0,"11":1},"f":{"0":2,"1":3,"2":0,"3":0},"b":{}}
}
